<?xml version="1.0" encoding="utf-8"?>
<test-run id="2" name="AutomationProject.dll" fullname="C:\Users\guilherme.kila\AutomationProject\bin\Debug\net8.0\AutomationProject.dll" testcasecount="1" result="Passed" start-time="2024-01-22T16:46:38.2063263Z" end-time="2024-01-22T16:46:48.9260878Z" duration="10.719728" total="1" passed="1" failed="0" inconclusive="0" skipped="0" warnings="0" asserts="0" random-seed="32844351">
  <command-line><![CDATA[C:\Users\guilherme.kila\AutomationProject\bin\Debug\net8.0\AutomationProject.dll]]></command-line>
  <filter />
  <test-suite type="Assembly" id="1002" name="AutomationProject.dll" fullname="C:\Users\guilherme.kila\AutomationProject\bin\Debug\net8.0\AutomationProject.dll" runstate="Runnable" testcasecount="1" result="Passed" start-time="2024-01-22T16:46:38.2063263Z" end-time="2024-01-22T16:46:48.9260878Z" duration="10.719728" total="1" passed="1" failed="0" warnings="0" inconclusive="0" skipped="0" asserts="0">
    <environment framework-version="4.0.1.0" clr-version="8.0.1" os-version="Microsoft Windows 10.0.19045" platform="Win32NT" cwd="C:\Users\guilherme.kila\AutomationProject" machine-name="NB-004647" user="guilherme.kila" user-domain="CWINET" culture="pt-BR" uiculture="pt-BR" os-architecture="x64" />
    <settings>
      <setting name="WorkDirectory" value="C:\Users\guilherme.kila\AutomationProject" />
      <setting name="NumberOfTestWorkers" value="8" />
    </settings>
    <properties>
      <property name="_PID" value="9000" />
      <property name="_APPDOMAIN" value="AutomationProject" />
    </properties>
    <test-suite type="TestSuite" id="1003" name="AutomationProject" fullname="AutomationProject" runstate="Runnable" testcasecount="1" result="Passed" start-time="2024-01-22T16:46:38.2111574Z" end-time="2024-01-22T16:46:48.9260677Z" duration="10.714897" total="1" passed="1" failed="0" warnings="0" inconclusive="0" skipped="0" asserts="0">
      <test-suite type="TestFixture" id="1000" name="Tests" fullname="AutomationProject.Tests" classname="AutomationProject.Tests" runstate="Runnable" testcasecount="1" result="Passed" start-time="2024-01-22T16:46:38.2124020Z" end-time="2024-01-22T16:46:48.9258404Z" duration="10.713426" total="1" passed="1" failed="0" warnings="0" inconclusive="0" skipped="0" asserts="0">
        <test-case id="1001" name="Test1" fullname="AutomationProject.Tests.Test1" methodname="Test1" classname="AutomationProject.Tests" runstate="Runnable" seed="771263276" result="Passed" start-time="2024-01-22T16:46:38.2148826Z" end-time="2024-01-22T16:46:48.9241766Z" duration="10.709334" asserts="0" />
      </test-suite>
    </test-suite>
  </test-suite>
</test-run>